 
****************************************
Report : constraint
        -all_violators
Design : fifo1_sram
Version: Q-2019.12-SP3
Date   : Thu Jan 26 21:01:16 2023
****************************************


   max_delay/setup ('INPUTS' group)

                             Required        Actual
   Endpoint                 Path Delay     Path Delay        Slack
   -----------------------------------------------------------------
   wdata_reg_0_/D               0.91           1.45 f        -0.54  (VIOLATED)
   wdata_reg_1_/D               0.91           1.45 f        -0.54  (VIOLATED)
   wdata_reg_2_/D               0.91           1.45 f        -0.54  (VIOLATED)
   wdata_reg_3_/D               0.91           1.45 f        -0.54  (VIOLATED)
   wdata_reg_4_/D               0.91           1.45 f        -0.54  (VIOLATED)
   wdata_reg_5_/D               0.91           1.45 f        -0.54  (VIOLATED)
   wdata_reg_6_/D               0.91           1.45 f        -0.54  (VIOLATED)
   wdata_reg_7_/D               0.91           1.45 f        -0.54  (VIOLATED)
   wptr_full/wfull_reg/D        1.88           2.37 r        -0.50  (VIOLATED)
   rptr_empty/rempty_reg/D      1.89           2.38 r        -0.49  (VIOLATED)
   rptr_empty/rptr_reg_9_/D     1.87           2.17 r        -0.30  (VIOLATED)
   wptr_full/wptr_reg_9_/D      1.88           2.17 r        -0.29  (VIOLATED)
   rptr_empty/rptr_reg_8_/D     1.87           2.15 r        -0.28  (VIOLATED)
   rptr_empty/rptr_reg_7_/D     1.87           2.13 r        -0.26  (VIOLATED)
   wptr_full/wptr_reg_8_/D      1.88           2.12 r        -0.25  (VIOLATED)
   wptr_full/wptr_reg_7_/D      1.87           2.11 r        -0.24  (VIOLATED)
   wptr_full/wbin_reg_10_/D     1.90           2.11 f        -0.21  (VIOLATED)
   rptr_empty/rbin_reg_10_/D
                                1.90           2.11 f        -0.21  (VIOLATED)
   rptr_empty/rptr_reg_6_/D     1.87           2.06 r        -0.19  (VIOLATED)
   rptr_empty/rbin_reg_9_/D     1.88           2.06 r        -0.18  (VIOLATED)
   wptr_full/wptr_reg_6_/D      1.87           2.05 r        -0.17  (VIOLATED)
   rptr_empty/rbin_reg_8_/D     1.88           2.04 r        -0.16  (VIOLATED)
   wptr_full/wbin_reg_9_/D      1.90           2.06 f        -0.16  (VIOLATED)
   rptr_empty/rptr_reg_5_/D     1.87           2.02 r        -0.14  (VIOLATED)
   wptr_full/wbin_reg_8_/D      1.88           2.02 r        -0.14  (VIOLATED)
   wptr_full/wptr_reg_5_/D      1.87           1.99 r        -0.12  (VIOLATED)
   rptr_empty/rbin_reg_7_/D     1.88           1.97 r        -0.10  (VIOLATED)
   wptr_full/wbin_reg_7_/D      1.88           1.96 r        -0.08  (VIOLATED)
   rptr_empty/rptr_reg_4_/D     1.87           1.94 r        -0.07  (VIOLATED)
   wptr_full/wptr_reg_4_/D      1.87           1.93 r        -0.06  (VIOLATED)
   rptr_empty/rbin_reg_6_/D     1.87           1.92 r        -0.05  (VIOLATED)
   wptr_full/wbin_reg_6_/D      1.89           1.91 r        -0.02  (VIOLATED)
   rptr_empty/rptr_reg_3_/D     1.88           1.90 r        -0.01  (VIOLATED)
   wptr_full/wptr_reg_3_/D      1.87           1.88 r         0.00  (VIOLATED: increase significant digits)


   max_delay/setup ('OUTPUTS' group)

                             Required        Actual
   Endpoint                 Path Delay     Path Delay        Slack
   -----------------------------------------------------------------
   rdata[0]                     0.50           1.80 f        -1.30  (VIOLATED)
   rdata[1]                     0.50           1.80 f        -1.30  (VIOLATED)
   rdata[2]                     0.50           1.80 f        -1.30  (VIOLATED)
   rdata[3]                     0.50           1.80 f        -1.30  (VIOLATED)
   rdata[4]                     0.50           1.80 f        -1.30  (VIOLATED)
   rdata[5]                     0.50           1.80 f        -1.30  (VIOLATED)
   rdata[6]                     0.50           1.80 f        -1.30  (VIOLATED)
   rdata[7]                     0.50           1.80 f        -1.30  (VIOLATED)


   min_delay/hold ('INTERNAL' group)

                             Required        Actual
   Endpoint                 Path Delay     Path Delay        Slack
   -----------------------------------------------------------------
   fifomem/genblk1_0__U/A1[6]
                                0.41           0.19 f        -0.22  (VIOLATED)
   fifomem/genblk1_1__U/A1[6]
                                0.41           0.19 f        -0.22  (VIOLATED)
   fifomem/genblk1_2__U/A1[6]
                                0.41           0.19 f        -0.22  (VIOLATED)
   fifomem/genblk1_3__U/A1[6]
                                0.41           0.19 f        -0.22  (VIOLATED)
   fifomem/genblk1_4__U/A1[6]
                                0.41           0.19 f        -0.22  (VIOLATED)
   fifomem/genblk1_5__U/A1[6]
                                0.41           0.19 f        -0.22  (VIOLATED)
   fifomem/genblk1_6__U/A1[6]
                                0.41           0.19 f        -0.22  (VIOLATED)
   fifomem/genblk1_7__U/A1[6]
                                0.41           0.19 f        -0.22  (VIOLATED)
   fifomem/genblk1_0__U/A1[1]
                                0.42           0.24 f        -0.18  (VIOLATED)
   fifomem/genblk1_0__U/A1[2]
                                0.42           0.24 f        -0.18  (VIOLATED)
   fifomem/genblk1_0__U/A1[3]
                                0.42           0.24 f        -0.18  (VIOLATED)
   fifomem/genblk1_0__U/A1[4]
                                0.42           0.24 f        -0.18  (VIOLATED)
   fifomem/genblk1_0__U/A1[5]
                                0.42           0.24 f        -0.18  (VIOLATED)
   fifomem/genblk1_0__U/I1[0]
                                0.42           0.24 f        -0.18  (VIOLATED)
   fifomem/genblk1_0__U/I1[1]
                                0.42           0.24 f        -0.18  (VIOLATED)
   fifomem/genblk1_0__U/I1[2]
                                0.42           0.24 f        -0.18  (VIOLATED)
   fifomem/genblk1_0__U/I1[3]
                                0.42           0.24 f        -0.18  (VIOLATED)
   fifomem/genblk1_0__U/I1[4]
                                0.42           0.24 f        -0.18  (VIOLATED)
   fifomem/genblk1_0__U/I1[5]
                                0.42           0.24 f        -0.18  (VIOLATED)
   fifomem/genblk1_0__U/I1[6]
                                0.42           0.24 f        -0.18  (VIOLATED)
   fifomem/genblk1_0__U/I1[7]
                                0.42           0.24 f        -0.18  (VIOLATED)
   fifomem/genblk1_1__U/A1[1]
                                0.42           0.24 f        -0.18  (VIOLATED)
   fifomem/genblk1_1__U/A1[2]
                                0.42           0.24 f        -0.18  (VIOLATED)
   fifomem/genblk1_1__U/A1[3]
                                0.42           0.24 f        -0.18  (VIOLATED)
   fifomem/genblk1_1__U/A1[4]
                                0.42           0.24 f        -0.18  (VIOLATED)
   fifomem/genblk1_1__U/A1[5]
                                0.42           0.24 f        -0.18  (VIOLATED)
   fifomem/genblk1_1__U/I1[0]
                                0.42           0.24 f        -0.18  (VIOLATED)
   fifomem/genblk1_1__U/I1[1]
                                0.42           0.24 f        -0.18  (VIOLATED)
   fifomem/genblk1_1__U/I1[2]
                                0.42           0.24 f        -0.18  (VIOLATED)
   fifomem/genblk1_1__U/I1[3]
                                0.42           0.24 f        -0.18  (VIOLATED)
   fifomem/genblk1_1__U/I1[4]
                                0.42           0.24 f        -0.18  (VIOLATED)
   fifomem/genblk1_1__U/I1[5]
                                0.42           0.24 f        -0.18  (VIOLATED)
   fifomem/genblk1_1__U/I1[6]
                                0.42           0.24 f        -0.18  (VIOLATED)
   fifomem/genblk1_1__U/I1[7]
                                0.42           0.24 f        -0.18  (VIOLATED)
   fifomem/genblk1_2__U/A1[1]
                                0.42           0.24 f        -0.18  (VIOLATED)
   fifomem/genblk1_2__U/A1[2]
                                0.42           0.24 f        -0.18  (VIOLATED)
   fifomem/genblk1_2__U/A1[3]
                                0.42           0.24 f        -0.18  (VIOLATED)
   fifomem/genblk1_2__U/A1[4]
                                0.42           0.24 f        -0.18  (VIOLATED)
   fifomem/genblk1_2__U/A1[5]
                                0.42           0.24 f        -0.18  (VIOLATED)
   fifomem/genblk1_2__U/I1[0]
                                0.42           0.24 f        -0.18  (VIOLATED)
   fifomem/genblk1_2__U/I1[1]
                                0.42           0.24 f        -0.18  (VIOLATED)
   fifomem/genblk1_2__U/I1[2]
                                0.42           0.24 f        -0.18  (VIOLATED)
   fifomem/genblk1_2__U/I1[3]
                                0.42           0.24 f        -0.18  (VIOLATED)
   fifomem/genblk1_2__U/I1[4]
                                0.42           0.24 f        -0.18  (VIOLATED)
   fifomem/genblk1_2__U/I1[5]
                                0.42           0.24 f        -0.18  (VIOLATED)
   fifomem/genblk1_2__U/I1[6]
                                0.42           0.24 f        -0.18  (VIOLATED)
   fifomem/genblk1_2__U/I1[7]
                                0.42           0.24 f        -0.18  (VIOLATED)
   fifomem/genblk1_3__U/A1[1]
                                0.42           0.24 f        -0.18  (VIOLATED)
   fifomem/genblk1_3__U/A1[2]
                                0.42           0.24 f        -0.18  (VIOLATED)
   fifomem/genblk1_3__U/A1[3]
                                0.42           0.24 f        -0.18  (VIOLATED)
   fifomem/genblk1_3__U/A1[4]
                                0.42           0.24 f        -0.18  (VIOLATED)
   fifomem/genblk1_3__U/A1[5]
                                0.42           0.24 f        -0.18  (VIOLATED)
   fifomem/genblk1_3__U/I1[0]
                                0.42           0.24 f        -0.18  (VIOLATED)
   fifomem/genblk1_3__U/I1[1]
                                0.42           0.24 f        -0.18  (VIOLATED)
   fifomem/genblk1_3__U/I1[2]
                                0.42           0.24 f        -0.18  (VIOLATED)
   fifomem/genblk1_3__U/I1[3]
                                0.42           0.24 f        -0.18  (VIOLATED)
   fifomem/genblk1_3__U/I1[4]
                                0.42           0.24 f        -0.18  (VIOLATED)
   fifomem/genblk1_3__U/I1[5]
                                0.42           0.24 f        -0.18  (VIOLATED)
   fifomem/genblk1_3__U/I1[6]
                                0.42           0.24 f        -0.18  (VIOLATED)
   fifomem/genblk1_3__U/I1[7]
                                0.42           0.24 f        -0.18  (VIOLATED)
   fifomem/genblk1_4__U/A1[1]
                                0.42           0.24 f        -0.18  (VIOLATED)
   fifomem/genblk1_4__U/A1[2]
                                0.42           0.24 f        -0.18  (VIOLATED)
   fifomem/genblk1_4__U/A1[3]
                                0.42           0.24 f        -0.18  (VIOLATED)
   fifomem/genblk1_4__U/A1[4]
                                0.42           0.24 f        -0.18  (VIOLATED)
   fifomem/genblk1_4__U/A1[5]
                                0.42           0.24 f        -0.18  (VIOLATED)
   fifomem/genblk1_4__U/I1[0]
                                0.42           0.24 f        -0.18  (VIOLATED)
   fifomem/genblk1_4__U/I1[1]
                                0.42           0.24 f        -0.18  (VIOLATED)
   fifomem/genblk1_4__U/I1[2]
                                0.42           0.24 f        -0.18  (VIOLATED)
   fifomem/genblk1_4__U/I1[3]
                                0.42           0.24 f        -0.18  (VIOLATED)
   fifomem/genblk1_4__U/I1[4]
                                0.42           0.24 f        -0.18  (VIOLATED)
   fifomem/genblk1_4__U/I1[5]
                                0.42           0.24 f        -0.18  (VIOLATED)
   fifomem/genblk1_4__U/I1[6]
                                0.42           0.24 f        -0.18  (VIOLATED)
   fifomem/genblk1_4__U/I1[7]
                                0.42           0.24 f        -0.18  (VIOLATED)
   fifomem/genblk1_5__U/A1[1]
                                0.42           0.24 f        -0.18  (VIOLATED)
   fifomem/genblk1_5__U/A1[2]
                                0.42           0.24 f        -0.18  (VIOLATED)
   fifomem/genblk1_5__U/A1[3]
                                0.42           0.24 f        -0.18  (VIOLATED)
   fifomem/genblk1_5__U/A1[4]
                                0.42           0.24 f        -0.18  (VIOLATED)
   fifomem/genblk1_5__U/A1[5]
                                0.42           0.24 f        -0.18  (VIOLATED)
   fifomem/genblk1_5__U/I1[0]
                                0.42           0.24 f        -0.18  (VIOLATED)
   fifomem/genblk1_5__U/I1[1]
                                0.42           0.24 f        -0.18  (VIOLATED)
   fifomem/genblk1_5__U/I1[2]
                                0.42           0.24 f        -0.18  (VIOLATED)
   fifomem/genblk1_5__U/I1[3]
                                0.42           0.24 f        -0.18  (VIOLATED)
   fifomem/genblk1_5__U/I1[4]
                                0.42           0.24 f        -0.18  (VIOLATED)
   fifomem/genblk1_5__U/I1[5]
                                0.42           0.24 f        -0.18  (VIOLATED)
   fifomem/genblk1_5__U/I1[6]
                                0.42           0.24 f        -0.18  (VIOLATED)
   fifomem/genblk1_5__U/I1[7]
                                0.42           0.24 f        -0.18  (VIOLATED)
   fifomem/genblk1_6__U/A1[1]
                                0.42           0.24 f        -0.18  (VIOLATED)
   fifomem/genblk1_6__U/A1[2]
                                0.42           0.24 f        -0.18  (VIOLATED)
   fifomem/genblk1_6__U/A1[3]
                                0.42           0.24 f        -0.18  (VIOLATED)
   fifomem/genblk1_6__U/A1[4]
                                0.42           0.24 f        -0.18  (VIOLATED)
   fifomem/genblk1_6__U/A1[5]
                                0.42           0.24 f        -0.18  (VIOLATED)
   fifomem/genblk1_6__U/I1[0]
                                0.42           0.24 f        -0.18  (VIOLATED)
   fifomem/genblk1_6__U/I1[1]
                                0.42           0.24 f        -0.18  (VIOLATED)
   fifomem/genblk1_6__U/I1[2]
                                0.42           0.24 f        -0.18  (VIOLATED)
   fifomem/genblk1_6__U/I1[3]
                                0.42           0.24 f        -0.18  (VIOLATED)
   fifomem/genblk1_6__U/I1[4]
                                0.42           0.24 f        -0.18  (VIOLATED)
   fifomem/genblk1_6__U/I1[5]
                                0.42           0.24 f        -0.18  (VIOLATED)
   fifomem/genblk1_6__U/I1[6]
                                0.42           0.24 f        -0.18  (VIOLATED)
   fifomem/genblk1_6__U/I1[7]
                                0.42           0.24 f        -0.18  (VIOLATED)
   fifomem/genblk1_7__U/A1[1]
                                0.42           0.24 f        -0.18  (VIOLATED)
   fifomem/genblk1_7__U/A1[2]
                                0.42           0.24 f        -0.18  (VIOLATED)
   fifomem/genblk1_7__U/A1[3]
                                0.42           0.24 f        -0.18  (VIOLATED)
   fifomem/genblk1_7__U/A1[4]
                                0.42           0.24 f        -0.18  (VIOLATED)
   fifomem/genblk1_7__U/A1[5]
                                0.42           0.24 f        -0.18  (VIOLATED)
   fifomem/genblk1_7__U/I1[0]
                                0.42           0.24 f        -0.18  (VIOLATED)
   fifomem/genblk1_7__U/I1[1]
                                0.42           0.24 f        -0.18  (VIOLATED)
   fifomem/genblk1_7__U/I1[2]
                                0.42           0.24 f        -0.18  (VIOLATED)
   fifomem/genblk1_7__U/I1[3]
                                0.42           0.24 f        -0.18  (VIOLATED)
   fifomem/genblk1_7__U/I1[4]
                                0.42           0.24 f        -0.18  (VIOLATED)
   fifomem/genblk1_7__U/I1[5]
                                0.42           0.24 f        -0.18  (VIOLATED)
   fifomem/genblk1_7__U/I1[6]
                                0.42           0.24 f        -0.18  (VIOLATED)
   fifomem/genblk1_7__U/I1[7]
                                0.42           0.24 f        -0.18  (VIOLATED)
   fifomem/genblk1_0__U/A1[0]
                                0.42           0.24 f        -0.17  (VIOLATED)
   fifomem/genblk1_1__U/A1[0]
                                0.42           0.24 f        -0.17  (VIOLATED)
   fifomem/genblk1_2__U/A1[0]
                                0.42           0.24 f        -0.17  (VIOLATED)
   fifomem/genblk1_3__U/A1[0]
                                0.42           0.24 f        -0.17  (VIOLATED)
   fifomem/genblk1_4__U/A1[0]
                                0.42           0.24 f        -0.17  (VIOLATED)
   fifomem/genblk1_5__U/A1[0]
                                0.42           0.24 f        -0.17  (VIOLATED)
   fifomem/genblk1_6__U/A1[0]
                                0.42           0.24 f        -0.17  (VIOLATED)
   fifomem/genblk1_7__U/A1[0]
                                0.42           0.24 f        -0.17  (VIOLATED)
   fifomem/genblk1_0__U/A2[1]
                                0.41           0.24 f        -0.17  (VIOLATED)
   fifomem/genblk1_1__U/A2[1]
                                0.41           0.24 f        -0.17  (VIOLATED)
   fifomem/genblk1_2__U/A2[1]
                                0.41           0.24 f        -0.17  (VIOLATED)
   fifomem/genblk1_3__U/A2[1]
                                0.41           0.24 f        -0.17  (VIOLATED)
   fifomem/genblk1_4__U/A2[1]
                                0.41           0.24 f        -0.17  (VIOLATED)
   fifomem/genblk1_5__U/A2[1]
                                0.41           0.24 f        -0.17  (VIOLATED)
   fifomem/genblk1_6__U/A2[1]
                                0.41           0.24 f        -0.17  (VIOLATED)
   fifomem/genblk1_7__U/A2[1]
                                0.41           0.24 f        -0.17  (VIOLATED)
   fifomem/genblk1_0__U/A2[0]
                                0.41           0.25 f        -0.17  (VIOLATED)
   fifomem/genblk1_1__U/A2[0]
                                0.41           0.25 f        -0.17  (VIOLATED)
   fifomem/genblk1_2__U/A2[0]
                                0.41           0.25 f        -0.17  (VIOLATED)
   fifomem/genblk1_3__U/A2[0]
                                0.41           0.25 f        -0.17  (VIOLATED)
   fifomem/genblk1_4__U/A2[0]
                                0.41           0.25 f        -0.17  (VIOLATED)
   fifomem/genblk1_5__U/A2[0]
                                0.41           0.25 f        -0.17  (VIOLATED)
   fifomem/genblk1_6__U/A2[0]
                                0.41           0.25 f        -0.17  (VIOLATED)
   fifomem/genblk1_7__U/A2[0]
                                0.41           0.25 f        -0.17  (VIOLATED)
   fifomem/genblk1_0__U/A2[6]
                                0.41           0.25 f        -0.17  (VIOLATED)
   fifomem/genblk1_1__U/A2[6]
                                0.41           0.25 f        -0.17  (VIOLATED)
   fifomem/genblk1_2__U/A2[6]
                                0.41           0.25 f        -0.17  (VIOLATED)
   fifomem/genblk1_3__U/A2[6]
                                0.41           0.25 f        -0.17  (VIOLATED)
   fifomem/genblk1_4__U/A2[6]
                                0.41           0.25 f        -0.17  (VIOLATED)
   fifomem/genblk1_5__U/A2[6]
                                0.41           0.25 f        -0.17  (VIOLATED)
   fifomem/genblk1_6__U/A2[6]
                                0.41           0.25 f        -0.17  (VIOLATED)
   fifomem/genblk1_7__U/A2[6]
                                0.41           0.25 f        -0.17  (VIOLATED)
   fifomem/genblk1_0__U/A2[4]
                                0.41           0.25 f        -0.17  (VIOLATED)
   fifomem/genblk1_0__U/A2[5]
                                0.41           0.25 f        -0.17  (VIOLATED)
   fifomem/genblk1_1__U/A2[4]
                                0.41           0.25 f        -0.17  (VIOLATED)
   fifomem/genblk1_1__U/A2[5]
                                0.41           0.25 f        -0.17  (VIOLATED)
   fifomem/genblk1_2__U/A2[4]
                                0.41           0.25 f        -0.17  (VIOLATED)
   fifomem/genblk1_2__U/A2[5]
                                0.41           0.25 f        -0.17  (VIOLATED)
   fifomem/genblk1_3__U/A2[4]
                                0.41           0.25 f        -0.17  (VIOLATED)
   fifomem/genblk1_3__U/A2[5]
                                0.41           0.25 f        -0.17  (VIOLATED)
   fifomem/genblk1_4__U/A2[4]
                                0.41           0.25 f        -0.17  (VIOLATED)
   fifomem/genblk1_4__U/A2[5]
                                0.41           0.25 f        -0.17  (VIOLATED)
   fifomem/genblk1_5__U/A2[4]
                                0.41           0.25 f        -0.17  (VIOLATED)
   fifomem/genblk1_5__U/A2[5]
                                0.41           0.25 f        -0.17  (VIOLATED)
   fifomem/genblk1_6__U/A2[4]
                                0.41           0.25 f        -0.17  (VIOLATED)
   fifomem/genblk1_6__U/A2[5]
                                0.41           0.25 f        -0.17  (VIOLATED)
   fifomem/genblk1_7__U/A2[4]
                                0.41           0.25 f        -0.17  (VIOLATED)
   fifomem/genblk1_7__U/A2[5]
                                0.41           0.25 f        -0.17  (VIOLATED)
   fifomem/genblk1_0__U/A2[2]
                                0.41           0.25 f        -0.17  (VIOLATED)
   fifomem/genblk1_0__U/A2[3]
                                0.41           0.25 f        -0.17  (VIOLATED)
   fifomem/genblk1_1__U/A2[2]
                                0.41           0.25 f        -0.17  (VIOLATED)
   fifomem/genblk1_1__U/A2[3]
                                0.41           0.25 f        -0.17  (VIOLATED)
   fifomem/genblk1_2__U/A2[2]
                                0.41           0.25 f        -0.17  (VIOLATED)
   fifomem/genblk1_2__U/A2[3]
                                0.41           0.25 f        -0.17  (VIOLATED)
   fifomem/genblk1_3__U/A2[2]
                                0.41           0.25 f        -0.17  (VIOLATED)
   fifomem/genblk1_3__U/A2[3]
                                0.41           0.25 f        -0.17  (VIOLATED)
   fifomem/genblk1_4__U/A2[2]
                                0.41           0.25 f        -0.17  (VIOLATED)
   fifomem/genblk1_4__U/A2[3]
                                0.41           0.25 f        -0.17  (VIOLATED)
   fifomem/genblk1_5__U/A2[2]
                                0.41           0.25 f        -0.17  (VIOLATED)
   fifomem/genblk1_5__U/A2[3]
                                0.41           0.25 f        -0.17  (VIOLATED)
   fifomem/genblk1_6__U/A2[2]
                                0.41           0.25 f        -0.17  (VIOLATED)
   fifomem/genblk1_6__U/A2[3]
                                0.41           0.25 f        -0.17  (VIOLATED)
   fifomem/genblk1_7__U/A2[2]
                                0.41           0.25 f        -0.17  (VIOLATED)
   fifomem/genblk1_7__U/A2[3]
                                0.41           0.25 f        -0.17  (VIOLATED)


   max_transition

                             Required        Actual
   Net                      Transition     Transition        Slack
   -----------------------------------------------------------------
   rempty                       0.50           0.89          -0.39  (VIOLATED)
       PORT :  rempty           0.50           0.89          -0.39  (VIOLATED)
   wfull                        0.50           0.89          -0.39  (VIOLATED)
       PORT :  wfull            0.50           0.89          -0.39  (VIOLATED)
   rdata[0]                     0.50           0.89          -0.39  (VIOLATED)
       PORT :  rdata[0]         0.50           0.89          -0.39  (VIOLATED)
   rdata[1]                     0.50           0.89          -0.39  (VIOLATED)
       PORT :  rdata[1]         0.50           0.89          -0.39  (VIOLATED)
   rdata[2]                     0.50           0.89          -0.39  (VIOLATED)
       PORT :  rdata[2]         0.50           0.89          -0.39  (VIOLATED)
   rdata[3]                     0.50           0.89          -0.39  (VIOLATED)
       PORT :  rdata[3]         0.50           0.89          -0.39  (VIOLATED)
   rdata[4]                     0.50           0.89          -0.39  (VIOLATED)
       PORT :  rdata[4]         0.50           0.89          -0.39  (VIOLATED)
   rdata[5]                     0.50           0.89          -0.39  (VIOLATED)
       PORT :  rdata[5]         0.50           0.89          -0.39  (VIOLATED)
   rdata[6]                     0.50           0.89          -0.39  (VIOLATED)
       PORT :  rdata[6]         0.50           0.89          -0.39  (VIOLATED)
   rdata[7]                     0.50           0.89          -0.39  (VIOLATED)
       PORT :  rdata[7]         0.50           0.89          -0.39  (VIOLATED)
   n12                          0.39           0.68          -0.29  (VIOLATED)
       PIN :   io_r_wdata_in_7_/PADIO
                                0.50           0.68          -0.18  (VIOLATED)
       PIN :   U23/Y            0.39           0.68          -0.29  (VIOLATED)
   n13                          0.39           0.68          -0.29  (VIOLATED)
       PIN :   io_r_wdata_in_4_/PADIO
                                0.50           0.68          -0.18  (VIOLATED)
       PIN :   U24/Y            0.39           0.68          -0.29  (VIOLATED)
   n14                          0.39           0.68          -0.29  (VIOLATED)
       PIN :   io_r_wdata_in_5_/PADIO
                                0.50           0.68          -0.18  (VIOLATED)
       PIN :   U25/Y            0.39           0.68          -0.29  (VIOLATED)
   n15                          0.39           0.68          -0.29  (VIOLATED)
       PIN :   io_r_wdata_in_0_/PADIO
                                0.50           0.68          -0.18  (VIOLATED)
       PIN :   U26/Y            0.39           0.68          -0.29  (VIOLATED)
   n16                          0.39           0.68          -0.29  (VIOLATED)
       PIN :   io_r_wdata_in_1_/PADIO
                                0.50           0.68          -0.18  (VIOLATED)
       PIN :   U27/Y            0.39           0.68          -0.29  (VIOLATED)
   n17                          0.39           0.68          -0.29  (VIOLATED)
       PIN :   io_r_wdata_in_2_/PADIO
                                0.50           0.68          -0.18  (VIOLATED)
       PIN :   U28/Y            0.39           0.68          -0.29  (VIOLATED)
   n18                          0.39           0.68          -0.29  (VIOLATED)
       PIN :   io_r_wdata_in_3_/PADIO
                                0.50           0.68          -0.18  (VIOLATED)
       PIN :   U29/Y            0.39           0.68          -0.29  (VIOLATED)
   n19                          0.39           0.68          -0.29  (VIOLATED)
       PIN :   io_r_wdata_in_6_/PADIO
                                0.50           0.68          -0.18  (VIOLATED)
       PIN :   U30/Y            0.39           0.68          -0.29  (VIOLATED)
   n10                          0.39           0.67          -0.29  (VIOLATED)
       PIN :   io_b_rinc/PADIO
                                0.50           0.67          -0.17  (VIOLATED)
       PIN :   U21/Y            0.39           0.67          -0.29  (VIOLATED)
   n11                          0.39           0.67          -0.29  (VIOLATED)
       PIN :   io_b_winc/PADIO
                                0.50           0.67          -0.17  (VIOLATED)
       PIN :   U22/Y            0.39           0.67          -0.29  (VIOLATED)
   n38                          0.39           0.61          -0.22  (VIOLATED)
       PIN :   io_b_wrst_n/PADIO
                                0.50           0.61          -0.11  (VIOLATED)
       PIN :   U35/Y            0.39           0.61          -0.22  (VIOLATED)
   n39                          0.39           0.61          -0.22  (VIOLATED)
       PIN :   io_b_rrst_n/PADIO
                                0.50           0.61          -0.11  (VIOLATED)
       PIN :   U36/Y            0.39           0.61          -0.22  (VIOLATED)

   -----------------------------------------------------------------
   Total                      22                 -7.24  

   max_capacitance

                             Required        Actual
   Net                      Capacitance    Capacitance       Slack
   -----------------------------------------------------------------
   n10                        168.00        2540.00       -2372.00  (VIOLATED)
   n11                        168.00        2540.00       -2372.00  (VIOLATED)
   n12                        168.00        2540.00       -2372.00  (VIOLATED)
   n13                        168.00        2540.00       -2372.00  (VIOLATED)
   n14                        168.00        2540.00       -2372.00  (VIOLATED)
   n15                        168.00        2540.00       -2372.00  (VIOLATED)
   n16                        168.00        2540.00       -2372.00  (VIOLATED)
   n17                        168.00        2540.00       -2372.00  (VIOLATED)
   n18                        168.00        2540.00       -2372.00  (VIOLATED)
   n19                        168.00        2540.00       -2372.00  (VIOLATED)
   n38                        168.00        2540.00       -2372.00  (VIOLATED)
   n39                        168.00        2540.00       -2372.00  (VIOLATED)
   fifomem/n29                  0.03           0.51          -0.48  (VIOLATED)
   fifomem/n33                  0.03           0.51          -0.48  (VIOLATED)
   fifomem/n37                  0.03           0.51          -0.48  (VIOLATED)
   fifomem/n41                  0.03           0.51          -0.48  (VIOLATED)
   fifomem/n45                  0.03           0.51          -0.48  (VIOLATED)
   fifomem/n49                  0.03           0.51          -0.48  (VIOLATED)
   fifomem/n53                  0.03           0.51          -0.48  (VIOLATED)
   fifomem/n57                  0.03           0.51          -0.48  (VIOLATED)
   fifomem/n61                  0.03           0.51          -0.48  (VIOLATED)
   fifomem/n65                  0.03           0.51          -0.48  (VIOLATED)
   fifomem/n69                  0.03           0.51          -0.48  (VIOLATED)
   fifomem/n73                  0.03           0.51          -0.48  (VIOLATED)
   fifomem/n77                  0.03           0.51          -0.48  (VIOLATED)
   fifomem/n81                  0.03           0.51          -0.48  (VIOLATED)
   fifomem/n85                  0.03           0.51          -0.48  (VIOLATED)
   fifomem/n89                  0.03           0.51          -0.48  (VIOLATED)
   fifomem/n30                  0.03           0.49          -0.47  (VIOLATED)
   fifomem/n31                  0.03           0.49          -0.47  (VIOLATED)
   fifomem/n38                  0.03           0.49          -0.47  (VIOLATED)
   fifomem/n39                  0.03           0.49          -0.47  (VIOLATED)
   fifomem/n46                  0.03           0.49          -0.47  (VIOLATED)
   fifomem/n47                  0.03           0.49          -0.47  (VIOLATED)
   fifomem/n54                  0.03           0.49          -0.47  (VIOLATED)
   fifomem/n55                  0.03           0.49          -0.47  (VIOLATED)
   fifomem/n62                  0.03           0.49          -0.47  (VIOLATED)
   fifomem/n63                  0.03           0.49          -0.47  (VIOLATED)
   fifomem/n70                  0.03           0.49          -0.47  (VIOLATED)
   fifomem/n71                  0.03           0.49          -0.47  (VIOLATED)
   fifomem/n78                  0.03           0.49          -0.47  (VIOLATED)
   fifomem/n79                  0.03           0.49          -0.47  (VIOLATED)
   fifomem/n86                  0.03           0.49          -0.47  (VIOLATED)
   fifomem/n87                  0.03           0.49          -0.47  (VIOLATED)
   fifomem/n34                  0.03           0.48          -0.46  (VIOLATED)
   fifomem/n35                  0.03           0.48          -0.46  (VIOLATED)
   fifomem/n42                  0.03           0.48          -0.46  (VIOLATED)
   fifomem/n43                  0.03           0.48          -0.46  (VIOLATED)
   fifomem/n50                  0.03           0.48          -0.46  (VIOLATED)
   fifomem/n51                  0.03           0.48          -0.46  (VIOLATED)
   fifomem/n58                  0.03           0.48          -0.46  (VIOLATED)
   fifomem/n59                  0.03           0.48          -0.46  (VIOLATED)
   fifomem/n66                  0.03           0.48          -0.46  (VIOLATED)
   fifomem/n67                  0.03           0.48          -0.46  (VIOLATED)
   fifomem/n74                  0.03           0.48          -0.46  (VIOLATED)
   fifomem/n75                  0.03           0.48          -0.46  (VIOLATED)
   fifomem/n82                  0.03           0.48          -0.46  (VIOLATED)
   fifomem/n83                  0.03           0.48          -0.46  (VIOLATED)
   fifomem/n90                  0.03           0.48          -0.46  (VIOLATED)
   fifomem/n91                  0.03           0.48          -0.46  (VIOLATED)
   fifomem/n32                  0.03           0.47          -0.45  (VIOLATED)
   fifomem/n36                  0.03           0.47          -0.45  (VIOLATED)
   fifomem/n40                  0.03           0.47          -0.45  (VIOLATED)
   fifomem/n44                  0.03           0.47          -0.45  (VIOLATED)
   fifomem/n48                  0.03           0.47          -0.45  (VIOLATED)
   fifomem/n52                  0.03           0.47          -0.45  (VIOLATED)
   fifomem/n56                  0.03           0.47          -0.45  (VIOLATED)
   fifomem/n60                  0.03           0.47          -0.45  (VIOLATED)
   fifomem/n64                  0.03           0.47          -0.45  (VIOLATED)
   fifomem/n68                  0.03           0.47          -0.45  (VIOLATED)
   fifomem/n72                  0.03           0.47          -0.45  (VIOLATED)
   fifomem/n76                  0.03           0.47          -0.45  (VIOLATED)
   fifomem/n80                  0.03           0.47          -0.45  (VIOLATED)
   fifomem/n84                  0.03           0.47          -0.45  (VIOLATED)
   fifomem/n88                  0.03           0.47          -0.45  (VIOLATED)
   fifomem/n92                  0.03           0.47          -0.45  (VIOLATED)

   -----------------------------------------------------------------
   Total                      76              -28493.75 

   max_leakage_power

                             Required        Actual
   Design                   Leakage Power  Leakage Power     Slack
   -----------------------------------------------------------------
   fifo1_sram                   0.00       1152685568.00  -1152685568.00
                                                                    (VIOLATED)


1
