============================================================
  Generated by:           Genus(TM) Synthesis Solution 19.12-s121_1
  Generated on:           Jan 26 2023  11:56:20 pm
  Module:                 fifo1_sramb
  Technology libraries:   saed32io_wb_ss0p95v125c_2p25v 
                          saed32sram_ss0p95v125c 1.0000000
                          saed32pll_ss0p95v125c_2p25v 
                          saed32rvt_ss0p95v125c 1.0000000
  Operating conditions:   _nominal_ (balanced_tree)
  Wireload mode:          enclosed
  Area mode:              timing library
============================================================

Timing
--------

 Clock Period 
--------------
rclk    800.0 
wclk    800.0 
wclk2x  400.0 


  Cost     Critical               Violating 
  Group   Path Slack     TNS        Paths   
--------------------------------------------
default     No paths         0.0            
INPUTS       -8031.3   -730150.1         92 
INTERNAL       -42.5       -84.1          2 
OUTPUTS        -50.3       -97.0          2 
rclk        No paths         0.0            
wclk        No paths         0.0            
wclk2x      No paths         0.0            
--------------------------------------------
Total                  -730247.1         96 

Instance Count
--------------
Leaf Instance Count             525 
Physical Instance count           0 
Sequential Instance Count       104 
Combinational Instance Count    421 
Hierarchical Instance Count       5 

Area
----
Cell Area                          371110.473
Physical Cell Area                 0.000
Total Cell Area (Cell+Physical)    371110.473
Net Area                           0.000
Total Area (Cell+Physical+Net)     371110.473

Max Fanout                         72 (fifomem/n_19)
Min Fanout                         0 (io_b_wrst_n_net)
Average Fanout                     2.8
Terms to net ratio                 4.2342
Terms to instance ratio            4.4762
Runtime                            60.837587 seconds
Elapsed Runtime                    89 seconds
Genus peak memory usage            1412.73 
Innovus peak memory usage          no_value 
Hostname                           auto.ece.pdx.edu
