Warning: duplicate option '-significant_digits' overrides previous value. (CMD-018)
 
****************************************
Report : timing
        -path full
        -delay max
        -derate
        -input_pins
        -nets
        -slack_lesser_than 0.0000
        -max_paths 10000
        -transition_time
        -crosstalk_delta
        -capacitance
Design : fifo1_sram
Version: Q-2019.12-SP3
Date   : Fri Jan 27 01:04:21 2023
****************************************

Operating Conditions: ss0p95v125c   Library: saed32rvt_ss0p95v125c
Wire Load Model Mode: enclosed
No paths.

1
