============================================================
  Generated by:           Genus(TM) Synthesis Solution 19.12-s121_1
  Generated on:           Jan 26 2023  10:21:45 pm
  Module:                 fifo1_sramb
  Technology libraries:   saed32io_wb_ss0p95v125c_2p25v 
                          saed32sram_ss0p95v125c 1.0000000
                          saed32pll_ss0p95v125c_2p25v 
                          saed32rvt_ss0p95v125c 1.0000000
  Operating conditions:   _nominal_ (balanced_tree)
  Wireload mode:          enclosed
  Area mode:              timing library
============================================================

Timing
--------

 Clock Period 
--------------
rclk    800.0 
wclk    800.0 
wclk2x  400.0 


  Cost     Critical               Violating 
  Group   Path Slack     TNS        Paths   
--------------------------------------------
default     No paths         0.0            
INPUTS       -9231.3   -833126.4         92 
INTERNAL       -29.5       -62.8          4 
OUTPUTS      -2038.7    -20286.3         10 
rclk        No paths         0.0            
wclk        No paths         0.0            
wclk2x      No paths         0.0            
--------------------------------------------
Total                  -853412.7        106 

Instance Count
--------------
Leaf Instance Count             582 
Physical Instance count           0 
Sequential Instance Count       104 
Combinational Instance Count    478 
Hierarchical Instance Count       5 

Area
----
Cell Area                          371243.898
Physical Cell Area                 0.000
Total Cell Area (Cell+Physical)    371243.898
Net Area                           0.000
Total Area (Cell+Physical+Net)     371243.898

Max Fanout                         72 (fifomem/n_27)
Min Fanout                         0 (io_b_wrst_n_net)
Average Fanout                     2.7
Terms to net ratio                 4.0833
Terms to instance ratio            4.2938
Runtime                            86.65543899999999 seconds
Elapsed Runtime                    108 seconds
Genus peak memory usage            1418.73 
Innovus peak memory usage          no_value 
Hostname                           auto.ece.pdx.edu
