setting auto_restore_mw_cel_lib_setup true
Initializing gui preferences from file  /u/samhitha/.synopsys_dv_prefs.tcl
dc_shell> set top_design fifo1_srama
fifo1_srama
dc_shell> source ../scripts/dc.tcl
set lib_dir /pkgs/synopsys/2020/32_28nm/SAED32_EDK/lib
/pkgs/synopsys/2020/32_28nm/SAED32_EDK/lib
# Decoder ring for the libraries
# You will need to follow another example or look in the library directories to understand.
# lib_types is used for the dc/dct linking variables and ICC2 NDM lcoations.
# /pkgs/synopsys/2020/32_28nm/SAED32_EDK/lib/stdcell_hvt/db_nldm
# /          $lib_dir                   /lib/ $lib_type /db_nldm
# link_library, Target_library use the sub_lib_types and corner variables. 
# For sub_lib_types and corner:
# Example:
#     saed32hvt_ss0p75v125c.db
#     |sub_lib  corner    .db
# The current flow tries to find all sub_lib and all corners in all the search paths.  Any match will be put in the library list.
# Wild cards can be used, but be careful.  Multiple matches can occur in ways you don't want.
# For the target library, the same method is used as the link library except only HVT and RVT lib_types are used.
# ICC2 NDM choosing also uses the sub_lib_types so that only the required libraries and extras are not loaded.
# fifo1
#set top_design fifo1
set add_ios 1
1
set pad_design 1
1
set design_size { 580 580  } 
 580 580  
set design_io_border 310
310
set dc_floorplanning 1
1
set enable_dft 0
0
set innovus_enable_manual_macro_placement 0
0
set rtl_list [list ../rtl/$top_design.sv ]
../rtl/fifo1_srama.sv
set slow_corner "ss0p95v125c_2p25v ss0p95v125c"
ss0p95v125c_2p25v ss0p95v125c
set fast_corner "ff0p95vn40c ff1p16vn40c_2p75v ff1p16vn40c"
ff0p95vn40c ff1p16vn40c_2p75v ff1p16vn40c
set synth_corners $slow_corner
ss0p95v125c_2p25v ss0p95v125c
set synth_corners_target "ss0p95v125c" 
ss0p95v125c
#set synth_corners_target "ss0p95v125c" 
set synth_corners_slow $slow_corner
ss0p95v125c_2p25v ss0p95v125c
set synth_corners_fast $fast_corner
ff0p95vn40c ff1p16vn40c_2p75v ff1p16vn40c
set slow_metal Cmax_125
Cmax_125
set fast_metal Cmax_125
Cmax_125
set lib_types "$lib_dir/io_std/db_nldm $lib_dir/sram/db_nldm $lib_dir/pll/db_nldm"
/pkgs/synopsys/2020/32_28nm/SAED32_EDK/lib/io_std/db_nldm /pkgs/synopsys/2020/32_28nm/SAED32_EDK/lib/sram/db_nldm /pkgs/synopsys/2020/32_28nm/SAED32_EDK/lib/pll/db_nldm
set ndm_types "$lib_dir/stdcell_rvt/ndm $lib_dir/stdcell_hvt/ndm $lib_dir/sram/ndm $lib_dir/io_std/ndm  $lib_dir/pll/ndm"
/pkgs/synopsys/2020/32_28nm/SAED32_EDK/lib/stdcell_rvt/ndm /pkgs/synopsys/2020/32_28nm/SAED32_EDK/lib/stdcell_hvt/ndm /pkgs/synopsys/2020/32_28nm/SAED32_EDK/lib/sram/ndm /pkgs/synopsys/2020/32_28nm/SAED32_EDK/lib/io_std/ndm  /pkgs/synopsys/2020/32_28nm/SAED32_EDK/lib/pll/ndm
set lib_types_target "$lib_dir/stdcell_rvt/db_nldm"
/pkgs/synopsys/2020/32_28nm/SAED32_EDK/lib/stdcell_rvt/db_nldm
# Get just the main standard cells, srams and IOs
set sub_lib_type "saed32?vt_ saed32sram_ saed32io_wb_ saed32pll_"
saed32?vt_ saed32sram_ saed32io_wb_ saed32pll_
set sub_lib_type_target "saed32rvt_"
saed32rvt_
set lef_types [list $lib_dir/stdcell_hvt/lef  $lib_dir/stdcell_rvt/lef $lib_dir/stdcell_lvt/lef $lib_dir/sram/lef/ $lib_dir/io_std/lef $lib_dir/pll/lef ]
/pkgs/synopsys/2020/32_28nm/SAED32_EDK/lib/stdcell_hvt/lef /pkgs/synopsys/2020/32_28nm/SAED32_EDK/lib/stdcell_rvt/lef /pkgs/synopsys/2020/32_28nm/SAED32_EDK/lib/stdcell_lvt/lef /pkgs/synopsys/2020/32_28nm/SAED32_EDK/lib/sram/lef/ /pkgs/synopsys/2020/32_28nm/SAED32_EDK/lib/io_std/lef /pkgs/synopsys/2020/32_28nm/SAED32_EDK/lib/pll/lef
set sub_lef_type "saed32nm_?vt_*.lef saed32_sram_*.lef saed32io_std_wb saed32_PLL.lef"
saed32nm_?vt_*.lef saed32_sram_*.lef saed32io_std_wb saed32_PLL.lef
set mwlib_types [list $lib_dir/stdcell_hvt/milkyway $lib_dir/stdcell_rvt/milkyway $lib_dir/stdcell_lvt/milkyway  $lib_dir/io_std/milkyway $lib_dir/sram/milkyway $lib_dir/pll/milkyway  ]
/pkgs/synopsys/2020/32_28nm/SAED32_EDK/lib/stdcell_hvt/milkyway /pkgs/synopsys/2020/32_28nm/SAED32_EDK/lib/stdcell_rvt/milkyway /pkgs/synopsys/2020/32_28nm/SAED32_EDK/lib/stdcell_lvt/milkyway /pkgs/synopsys/2020/32_28nm/SAED32_EDK/lib/io_std/milkyway /pkgs/synopsys/2020/32_28nm/SAED32_EDK/lib/sram/milkyway /pkgs/synopsys/2020/32_28nm/SAED32_EDK/lib/pll/milkyway
set sub_mwlib_type "saed32nm_?vt_* SRAM32NM saed32io_wb_* SAED32_PLL_FR*"
saed32nm_?vt_* SRAM32NM saed32io_wb_* SAED32_PLL_FR*
#set topdir /u/$env(USER)/PSU_RTL2GDS
set topdir [ lindex [ regexp -inline "(.*)\(syn\|pt\|apr\)" [pwd] ] 1 ]
/home/samhitha/common/Documents/lab2-samhithakankanala/synth_apr_repo/
set FCL 0
0
set split_constraints 0
0
Warning: No designs to list. (UID-275)
== ANALYZE autoread all files ==

Starting ANALYZE autoread mode...
Warning: Defining design library 'WORK' at directory '/home/samhitha/common/Documents/lab2-samhithakankanala/synth_apr_repo/syn/work/WORK_autoread'. (AUTOREAD-107)
Information: Adding '/home/samhitha/common/Documents/lab2-samhithakankanala/synth_apr_repo/syn/rtl/fifo1_srama.sv'.  (AUTOREAD-100)
Information: Scanning file { fifo1_srama.sv }. (AUTOREAD-303)
Compiling source file /home/samhitha/common/Documents/lab2-samhithakankanala/synth_apr_repo/syn/rtl/fifo1_srama.sv
Presto compilation completed successfully.
Autoread command completed successfully.
Loading db file '/pkgs/synopsys/2020/32_28nm/SAED32_EDK/lib/io_std/db_nldm/saed32io_wb_ss0p95v125c_2p25v.db'
Loading db file '/pkgs/synopsys/2020/32_28nm/SAED32_EDK/lib/sram/db_nldm/saed32sram_ss0p95v125c.db'
Loading db file '/pkgs/synopsys/2020/32_28nm/SAED32_EDK/lib/pll/db_nldm/saed32pll_ss0p95v125c_2p25v.db'
Loading db file '/pkgs/synopsys/2020/design_compiler/syn/Q-2019.12-SP3/libraries/syn/dw_foundation.sldb'
Loading db file '/pkgs/synopsys/2020/32_28nm/SAED32_EDK/lib/stdcell_rvt/db_nldm/saed32rvt_ss0p95v125c.db'
Loading db file '/pkgs/synopsys/2020/design_compiler/syn/Q-2019.12-SP3/libraries/syn/gtech.db'
Loading db file '/pkgs/synopsys/2020/design_compiler/syn/Q-2019.12-SP3/libraries/syn/standard.sldb'
  Loading link library 'saed32io_wb_ss0p95v125c_2p25v'
  Loading link library 'saed32sram_ss0p95v125c'
  Loading link library 'saed32pll_ss0p95v125c_2p25v'
  Loading link library 'saed32rvt_ss0p95v125c'
  Loading link library 'gtech'
Running PRESTO HDLC

Inferred memory devices in process
        in routine fifo1_srama line 19 in file
                '/home/samhitha/common/Documents/lab2-samhithakankanala/synth_apr_repo/syn/rtl/fifo1_srama.sv'.
===============================================================================
|    Register Name    |   Type    | Width | Bus | MB | AR | AS | SR | SS | ST |
===============================================================================
|      wdata_reg      | Flip-flop |   8   |  Y  | N  | Y  | N  | N  | N  | N  |
===============================================================================
Presto compilation completed successfully. (fifo1_srama)
Elaborated 1 design.
Current design is now 'fifo1_srama'.
Information: Building the design 'sync_r2w'. (HDL-193)

Inferred memory devices in process
        in routine sync_r2w line 145 in file
                '/home/samhitha/common/Documents/lab2-samhithakankanala/synth_apr_repo/syn/rtl/fifo1_srama.sv'.
===============================================================================
|    Register Name    |   Type    | Width | Bus | MB | AR | AS | SR | SS | ST |
===============================================================================
|    wq2_rptr_reg     | Flip-flop |  11   |  Y  | N  | Y  | N  | N  | N  | N  |
|    wq1_rptr_reg     | Flip-flop |  11   |  Y  | N  | Y  | N  | N  | N  | N  |
===============================================================================
Presto compilation completed successfully. (sync_r2w)
Information: Building the design 'sync_w2r'. (HDL-193)

Inferred memory devices in process
        in routine sync_w2r line 156 in file
                '/home/samhitha/common/Documents/lab2-samhithakankanala/synth_apr_repo/syn/rtl/fifo1_srama.sv'.
===============================================================================
|    Register Name    |   Type    | Width | Bus | MB | AR | AS | SR | SS | ST |
===============================================================================
|    rq2_wptr_reg     | Flip-flop |  11   |  Y  | N  | Y  | N  | N  | N  | N  |
|    rq1_wptr_reg     | Flip-flop |  11   |  Y  | N  | Y  | N  | N  | N  | N  |
===============================================================================
Presto compilation completed successfully. (sync_w2r)
Information: Building the design 'fifomem' instantiated from design 'fifo1_srama' with
        the parameters "8,10". (HDL-193)
Warning:  /home/samhitha/common/Documents/lab2-samhithakankanala/synth_apr_repo/syn/rtl/fifo1_srama.sv:71: DEFAULT branch of CASE statement cannot be reached. (ELAB-311)
Warning:  /home/samhitha/common/Documents/lab2-samhithakankanala/synth_apr_repo/syn/rtl/fifo1_srama.sv:86: DEFAULT branch of CASE statement cannot be reached. (ELAB-311)

Statistics for case statements in always block at line 69 in file
        '/home/samhitha/common/Documents/lab2-samhithakankanala/synth_apr_repo/syn/rtl/fifo1_srama.sv'
===============================================
|           Line           |  full/ parallel  |
===============================================
|            71            |    auto/auto     |
===============================================

Statistics for case statements in always block at line 84 in file
        '/home/samhitha/common/Documents/lab2-samhithakankanala/synth_apr_repo/syn/rtl/fifo1_srama.sv'
===============================================
|           Line           |  full/ parallel  |
===============================================
|            86            |    auto/auto     |
===============================================
Presto compilation completed successfully. (fifomem_DATASIZE8_ADDRSIZE10)
Information: Building the design 'rptr_empty' instantiated from design 'fifo1_srama' with
        the parameters "10". (HDL-193)

Inferred memory devices in process
        in routine rptr_empty_ADDRSIZE10 line 175 in file
                '/home/samhitha/common/Documents/lab2-samhithakankanala/synth_apr_repo/syn/rtl/fifo1_srama.sv'.
===============================================================================
|    Register Name    |   Type    | Width | Bus | MB | AR | AS | SR | SS | ST |
===============================================================================
|      rbin_reg       | Flip-flop |  11   |  Y  | N  | Y  | N  | N  | N  | N  |
|      rptr_reg       | Flip-flop |  11   |  Y  | N  | Y  | N  | N  | N  | N  |
===============================================================================

Inferred memory devices in process
        in routine rptr_empty_ADDRSIZE10 line 186 in file
                '/home/samhitha/common/Documents/lab2-samhithakankanala/synth_apr_repo/syn/rtl/fifo1_srama.sv'.
===============================================================================
|    Register Name    |   Type    | Width | Bus | MB | AR | AS | SR | SS | ST |
===============================================================================
|     rempty_reg      | Flip-flop |   1   |  N  | N  | N  | Y  | N  | N  | N  |
===============================================================================
Presto compilation completed successfully. (rptr_empty_ADDRSIZE10)
Information: Building the design 'wptr_full' instantiated from design 'fifo1_srama' with
        the parameters "10". (HDL-193)

Inferred memory devices in process
        in routine wptr_full_ADDRSIZE10 line 203 in file
                '/home/samhitha/common/Documents/lab2-samhithakankanala/synth_apr_repo/syn/rtl/fifo1_srama.sv'.
===============================================================================
|    Register Name    |   Type    | Width | Bus | MB | AR | AS | SR | SS | ST |
===============================================================================
|      wbin_reg       | Flip-flop |  11   |  Y  | N  | Y  | N  | N  | N  | N  |
|      wptr_reg       | Flip-flop |  11   |  Y  | N  | Y  | N  | N  | N  | N  |
===============================================================================

Inferred memory devices in process
        in routine wptr_full_ADDRSIZE10 line 218 in file
                '/home/samhitha/common/Documents/lab2-samhithakankanala/synth_apr_repo/syn/rtl/fifo1_srama.sv'.
===============================================================================
|    Register Name    |   Type    | Width | Bus | MB | AR | AS | SR | SS | ST |
===============================================================================
|      wfull_reg      | Flip-flop |   1   |  N  | N  | Y  | N  | N  | N  | N  |
===============================================================================
Presto compilation completed successfully. (wptr_full_ADDRSIZE10)
#####################################################
proc insert_io { port side} {
  set this_io io_${side}_${port}
  if {  $side == "t"   } {
   if { [get_attribute [get_ports $port ] direction ] == "in" } {
    create_cell $this_io saed32io_wb_ss0p95v125c_2p25v/I1025_NS
   } else {
    create_cell $this_io saed32io_wb_ss0p95v125c_2p25v/D8I1025_NS
   }
  }
  if { $side == "b"  } {
   if { [get_attribute [get_ports $port ] direction ] == "in" } {
    create_cell $this_io saed32io_wb_ss0p95v125c_2p25v/I1025_NS
   } else {
    create_cell $this_io saed32io_wb_ss0p95v125c_2p25v/D8I1025_NS
   }
  }
  if {  $side == "r"  } {
   if { [get_attribute [get_ports $port ] direction ] == "in" } {
    create_cell $this_io saed32io_wb_ss0p95v125c_2p25v/I1025_NS
   } else {
    create_cell $this_io saed32io_wb_ss0p95v125c_2p25v/D8I1025_NS
   }
  }
  if { $side == "l"  } {
   if { [get_attribute [get_ports $port ] direction ] == "in" } {
    create_cell $this_io saed32io_wb_ss0p95v125c_2p25v/I1025_NS
   } else {
    create_cell $this_io saed32io_wb_ss0p95v125c_2p25v/D8I1025_NS
   }
  }
  set pins [ get_pins -of_obj [ get_net $port ] ]
  foreach_in i $pins { disconnect_net [get_net $port ] $i }
  set port_net [get_nets -quiet $port ]

  # If only a port is created, the related net is not created and connected to the port.  Do that here.
  if { [sizeof_collection $port_net ] == 0 } { 
      create_net $port 
      connect_net $port [get_ports $port ]
  }

  connect_net [get_net $port ]  $this_io/PADIO
  create_net ${this_io}_net
  foreach_in i $pins { connect_net ${this_io}_net $i }
  #DIN is input to IO_PAD
  #DOUT is output of IO_PAD
  #EN is the IO_PAD enable to output
  if { [get_attribute [get_ports $port ] direction ] == "in" } {
     #connect_net [get_nets  *Logic0* ] ${this_io}/EN 
     connect_net [get_nets  *Logic1* ] ${this_io}/R_EN 
     connect_net ${this_io}_net ${this_io}/DOUT
  } else {
     connect_net [get_nets  *Logic1* ] $this_io/EN 
     #connect_net [get_nets  *Logic0* ] $this_io/R_EN 
     connect_net ${this_io}_net $this_io/DIN
  }
}
####################################################
Error: could not open script file "../../fifo1_srama.add_ios.tcl" (CMD-015)
Warning: The specified replacement character (_) is conflicting with the specified allowed or restricted character.   (UCN-4)
if { [info exists synopsys_program_name ] && ($synopsys_program_name == "icc2_shell") } {
    puts " Creating ICC2 MCMM "
    create_mode func
    create_corner slow
    create_scenario -mode func -corner slow -name func_slow
    current_scenario func_slow
    set_operating_conditions ss0p75v125c
    read_parasitic_tech -tlup $tlu_dir/saed32nm_1p9m_Cmax.tluplus -layermap $tlu_dir/saed32nm_tf_itf_tluplus.map -name Cmax
    read_parasitic_tech -tlup $tlu_dir/saed32nm_1p9m_Cmin.tluplus -layermap $tlu_dir/saed32nm_tf_itf_tluplus.map -name Cmin
    set_parasitic_parameters -early_spec Cmax -early_temperature 125
    set_parasitic_parameters -late_spec Cmax -late_temperature 125
    #set_parasitic_parameters -early_spec 1p9m_Cmax -early_temperature 125 -corner default
    #set_parasitic_parameters -late_spec 1p9m_Cmax -late_temperature 125 -corner default

    #set_scenario_status  default -active false
    set_scenario_status func_slow -active true -hold true -setup true
}
set wclk_period 2.0
2.0
set rclk_period 2.0
2.0
set wclk2x_period [ expr $wclk_period / 2 ]
1.0
create_clock -name "wclk" -period $wclk_period  wclk
1
create_clock -name "rclk" -period $rclk_period rclk
1
#Add the new clock.  Make it 1/2 the wclk period since it is called wclk2x
create_clock -name "wclk2x" -period $wclk2x_period wclk2x
1
set_false_path -from [get_clocks wclk] -to [get_clocks rclk]
1
set_false_path -from [get_clocks rclk] -to [ get_clocks wclk]
1
set_input_delay -clock wclk 0.4 [get_ports "winc"]
1
set_input_delay -clock rclk 0.5 [get_ports "rinc"]
1
set_input_delay -clock wclk2x 0.5 [get_ports "wdata_in*"]
1
set_driving_cell -lib_cell  NBUFFX2_RVT [remove_from_collection [get_ports -filter "direction==in"] [get_ports "rclk wclk wclk2x"]]
1
#set_output_delay -clock wclk 0.5 [get_ports -filter "direction==out"]
#set_output_delay -clock rclk 0.5  [get_ports -filter "direction==out"] 
set_output_delay -clock wclk2x 0.3 [get_ports "rdata*"]
1
set_load 0.2 [get_ports -filter "direction==out"]
1
set_clock_latency 0.4 [get_ports "rclk wclk wclk2x"]
1
set_clock_transition 0.2 [get_ports "rclk wclk wclk2x"]
1
set_clock_uncertainty 0.04 [get_ports "rclk wclk wclk2x"]
1
# Add input/output delays in relation to related clocks
# Can tell the related clock by doing report_timing -group INPUTS  or -group OUTPUTS after using group_path
# External delay should be some percentage of clock period.
# Tune/relax if violating; most concerned about internal paths.
# I like set_driving_cell to a std cell from the library.  set_drive works to.
# set_load
group_path -name INTERNAL -from [all_clocks] -to [all_clocks ]
1
group_path -name INPUTS -from [ get_ports -filter "direction==in&&full_name!~*clk*" ]
1
group_path -name OUTPUTS -to [ get_ports -filter "direction==out" ]
1
Current design is 'fifo1_srama'.
Information: Performing power optimization. (PWR-850)
Alib files are up-to-date.
Information: Choosing a test methodology will restrict the optimization of sequential cells. (UIO-12)
Information: Evaluating DesignWare library utilization. (UISN-27)

============================================================================
| DesignWare Building Block Library  |         Version         | Available |
============================================================================
| Basic DW Building Blocks           | Q-2019.12-DWBB_201912.3 |     *     |
| Licensed DW Building Blocks        | Q-2019.12-DWBB_201912.3 |     *     |
============================================================================

Information: Sequential output inversion is enabled.  SVF file must be used for formal verification. (OPT-1208)

Information: There are 65 potential problems in your design. Please run 'check_design' for more information. (LINT-99)

  Simplifying Design 'fifo1_srama'

Loaded alib file './alib-52/saed32rvt_ss0p95v125c.db.alib'
Information: State dependent leakage is now switched from on to off.

  Beginning Pass 1 Mapping
  ------------------------
  Processing 'fifomem_DATASIZE8_ADDRSIZE10'
  Processing 'wptr_full_ADDRSIZE10'
Information: Added key list 'DesignWare' to design 'wptr_full_ADDRSIZE10'. (DDB-72)
Information: In design 'wptr_full_ADDRSIZE10', the register 'wptr_reg_10_' is removed because it is merged to 'wbin_reg_10_'. (OPT-1215)
 Implement Synthetic for 'wptr_full_ADDRSIZE10'.
  Processing 'rptr_empty_ADDRSIZE10'
Information: Added key list 'DesignWare' to design 'rptr_empty_ADDRSIZE10'. (DDB-72)
Information: In design 'rptr_empty_ADDRSIZE10', the register 'rptr_reg_10_' is removed because it is merged to 'rbin_reg_10_'. (OPT-1215)
 Implement Synthetic for 'rptr_empty_ADDRSIZE10'.
  Processing 'fifo1_srama'
  Processing 'sync_w2r'
  Processing 'sync_r2w'

  Updating timing information
Information: Updating design information... (UID-85)
Information: The library cell 'PMT3_RVT' in the library 'saed32rvt_ss0p95v125c' is not characterized for internal power. (PWR-536)
Information: The library cell 'PMT2_RVT' in the library 'saed32rvt_ss0p95v125c' is not characterized for internal power. (PWR-536)
Information: The library cell 'PMT1_RVT' in the library 'saed32rvt_ss0p95v125c' is not characterized for internal power. (PWR-536)
Information: The library cell 'NMT3_RVT' in the library 'saed32rvt_ss0p95v125c' is not characterized for internal power. (PWR-536)
Information: The library cell 'NMT2_RVT' in the library 'saed32rvt_ss0p95v125c' is not characterized for internal power. (PWR-536)
Information: The library cell 'NMT1_RVT' in the library 'saed32rvt_ss0p95v125c' is not characterized for internal power. (PWR-536)
Information: The target library(s) contains cell(s), other than black boxes, that are not characterized for internal power. (PWR-24)
Information: Automatic shift-register identification is enabled for scan. Not all registers will be scan-replaced. (OPT-467)

Threshold voltage group cell usage:
>> saed32cell_svt 100.00%

  Beginning Mapping Optimizations  (Ultra High effort)
  -------------------------------
  Mapping Optimization (Phase 1)

                                  TOTAL                                                
   ELAPSED            WORST NEG   SETUP    DESIGN                              LEAKAGE 
    TIME      AREA      SLACK     COST    RULE COST         ENDPOINT            POWER  
  --------- --------- --------- --------- --------- ------------------------- ---------
    0:00:31   70765.3      0.00       0.0       0.0                           95136440.0000
    0:00:31   70765.3      0.00       0.0       0.0                           95136440.0000

Threshold voltage group cell usage:
>> saed32cell_svt 100.00%

  Beginning Constant Register Removal
  -----------------------------------

Threshold voltage group cell usage:
>> saed32cell_svt 100.00%

  Beginning Global Optimizations
  ------------------------------
  Numerical Synthesis (Phase 1)
  Numerical Synthesis (Phase 2)
  Global Optimization (Phase 1)
  Global Optimization (Phase 2)
  Global Optimization (Phase 3)
  Global Optimization (Phase 4)
  Global Optimization (Phase 5)
  Global Optimization (Phase 6)
  Global Optimization (Phase 7)
  Global Optimization (Phase 8)
  Global Optimization (Phase 9)
  Global Optimization (Phase 10)
  Global Optimization (Phase 11)
  Global Optimization (Phase 12)
  Global Optimization (Phase 13)
  Global Optimization (Phase 14)
  Global Optimization (Phase 15)
  Global Optimization (Phase 16)
  Global Optimization (Phase 17)
  Global Optimization (Phase 18)
  Global Optimization (Phase 19)
  Global Optimization (Phase 20)
  Global Optimization (Phase 21)
  Global Optimization (Phase 22)
  Global Optimization (Phase 23)
  Global Optimization (Phase 24)
  Global Optimization (Phase 25)
  Global Optimization (Phase 26)
  Global Optimization (Phase 27)
  Global Optimization (Phase 28)
  Global Optimization (Phase 29)

Threshold voltage group cell usage:
>> saed32cell_svt 100.00%

  Beginning Isolate Ports
  -----------------------

Threshold voltage group cell usage:
>> saed32cell_svt 100.00%

  Beginning Delay Optimization
  ----------------------------
    0:00:32   70678.4      0.00       0.0       0.0                           69654368.0000
    0:00:32   70678.4      0.00       0.0       0.0                           69654368.0000
    0:00:32   70678.4      0.00       0.0       0.0                           69654368.0000
    0:00:32   70678.4      0.00       0.0       0.0                           69654368.0000

Threshold voltage group cell usage:
>> saed32cell_svt 100.00%
    0:00:32   70665.7      0.00       0.0       0.0                           69547072.0000
    0:00:32   70665.7      0.00       0.0       0.0                           69547072.0000

  Beginning WLM Backend Optimization
  --------------------------------------
    0:00:32   70662.4      0.00       0.0       0.0                           69319200.0000
    0:00:32   70662.4      0.00       0.0       0.0                           69319200.0000
    0:00:32   70662.4      0.00       0.0       0.0                           69319200.0000
    0:00:32   70662.4      0.00       0.0       0.0                           69252912.0000
    0:00:32   70662.4      0.00       0.0       0.0                           69252912.0000
    0:00:32   70662.4      0.00       0.0       0.0                           69252912.0000
    0:00:32   70662.4      0.00       0.0       0.0                           69252912.0000
    0:00:32   70662.4      0.00       0.0       0.0                           69252912.0000
    0:00:32   70662.4      0.00       0.0       0.0                           69252912.0000
    0:00:32   70662.4      0.00       0.0       0.0                           69252912.0000
    0:00:32   70662.4      0.00       0.0       0.0                           69252912.0000
    0:00:32   70662.4      0.00       0.0       0.0                           69252912.0000
    0:00:32   70662.4      0.00       0.0       0.0                           69252912.0000
    0:00:32   70662.4      0.00       0.0       0.0                           69252912.0000
    0:00:32   70662.4      0.00       0.0       0.0                           69252912.0000
    0:00:32   70662.4      0.00       0.0       0.0                           69252912.0000
    0:00:32   70662.4      0.00       0.0       0.0                           69252912.0000
    0:00:32   70662.4      0.00       0.0       0.0                           69252912.0000
    0:00:32   70662.4      0.00       0.0       0.0                           69252912.0000
    0:00:32   70662.4      0.00       0.0       0.0                           69252912.0000
    0:00:32   70662.4      0.00       0.0       0.0                           69252912.0000
    0:00:32   70662.4      0.00       0.0       0.0                           69252912.0000
    0:00:32   70662.4      0.00       0.0       0.0                           69252912.0000
    0:00:32   70662.4      0.00       0.0       0.0                           69252912.0000

Threshold voltage group cell usage:
>> saed32cell_svt 100.00%


  Beginning Leakage Power Optimization  (max_leakage_power 0)
  ------------------------------------

                                  TOTAL                                                
   ELAPSED            WORST NEG   SETUP    DESIGN                              LEAKAGE 
    TIME      AREA      SLACK     COST    RULE COST         ENDPOINT            POWER  
  --------- --------- --------- --------- --------- ------------------------- ---------
    0:00:32   70662.4      0.00       0.0       0.0                           69252912.0000
  Global Optimization (Phase 30)
  Global Optimization (Phase 31)
  Global Optimization (Phase 32)
  Global Optimization (Phase 33)
  Global Optimization (Phase 34)
  Global Optimization (Phase 35)
  Global Optimization (Phase 36)
  Global Optimization (Phase 37)
  Global Optimization (Phase 38)
  Global Optimization (Phase 39)
  Global Optimization (Phase 40)
  Global Optimization (Phase 41)
    0:00:32   70662.4      0.00       0.0       0.0                           67971280.0000
    0:00:32   70662.4      0.00       0.0       0.0                           67971280.0000
    0:00:32   70662.4      0.00       0.0       0.0                           67971280.0000
    0:00:32   70662.4      0.00       0.0       0.0                           67971280.0000
    0:00:32   70662.4      0.00       0.0       0.0                           67971280.0000
    0:00:32   70662.4      0.00       0.0       0.0                           67971280.0000
    0:00:32   70662.4      0.00       0.0       0.0                           67971280.0000
    0:00:32   70662.4      0.00       0.0       0.0                           67971280.0000
    0:00:32   70662.4      0.00       0.0       0.0                           67971280.0000
    0:00:32   70662.4      0.00       0.0       0.0                           67971280.0000
    0:00:32   70662.4      0.00       0.0       0.0                           67971280.0000
    0:00:32   70662.4      0.00       0.0       0.0                           67971280.0000
    0:00:32   70662.4      0.00       0.0       0.0                           67971280.0000
    0:00:32   70662.4      0.00       0.0       0.0                           67971280.0000
    0:00:32   70662.4      0.00       0.0       0.0                           67971280.0000
    0:00:32   70662.4      0.00       0.0       0.0                           67971280.0000
    0:00:32   70662.4      0.00       0.0       0.0                           67971280.0000
    0:00:32   70662.4      0.00       0.0       0.0                           67971280.0000
    0:00:32   70662.4      0.00       0.0       0.0                           67971280.0000
    0:00:32   70662.4      0.00       0.0       0.0                           67971280.0000
    0:00:32   70662.4      0.00       0.0       0.0                           67971280.0000
    0:00:32   70662.4      0.00       0.0       0.0                           67971280.0000

                                  TOTAL                                                
   ELAPSED            WORST NEG   SETUP    DESIGN                              LEAKAGE 
    TIME      AREA      SLACK     COST    RULE COST         ENDPOINT            POWER  
  --------- --------- --------- --------- --------- ------------------------- ---------
    0:00:32   70662.4      0.00       0.0       0.0                           67971280.0000
    0:00:32   70662.4      0.00       0.0       0.0                           67971280.0000
    0:00:32   70662.4      0.00       0.0       0.0                           67971280.0000
    0:00:32   70662.4      0.00       0.0       0.0                           67971280.0000
    0:00:32   70662.4      0.00       0.0       0.0                           67971280.0000
    0:00:32   70662.4      0.00       0.0       0.0                           67971280.0000
    0:00:32   70662.4      0.00       0.0       0.0                           67971280.0000
    0:00:32   70662.4      0.00       0.0       0.0                           67971280.0000
    0:00:32   70662.4      0.00       0.0       0.0                           67971280.0000
    0:00:32   70662.4      0.00       0.0       0.0                           67971280.0000
    0:00:32   70662.4      0.00       0.0       0.0                           67971280.0000
Loading db file '/pkgs/synopsys/2020/32_28nm/SAED32_EDK/lib/io_std/db_nldm/saed32io_wb_ss0p95v125c_2p25v.db'
Loading db file '/pkgs/synopsys/2020/32_28nm/SAED32_EDK/lib/sram/db_nldm/saed32sram_ss0p95v125c.db'
Loading db file '/pkgs/synopsys/2020/32_28nm/SAED32_EDK/lib/pll/db_nldm/saed32pll_ss0p95v125c_2p25v.db'
Loading db file '/pkgs/synopsys/2020/32_28nm/SAED32_EDK/lib/stdcell_rvt/db_nldm/saed32rvt_ss0p95v125c.db'


Note: Symbol # after min delay cost means estimated hold TNS across all active scenarios 


  Optimization Complete
  ---------------------
Information: State dependent leakage is now switched from off to on.
Information: Propagating switching activity (low effort zero delay simulation). (PWR-6)
Warning: Design has unannotated black box outputs. (PWR-428)
Writing verilog file '/home/samhitha/common/Documents/lab2-samhithakankanala/synth_apr_repo/syn/outputs/fifo1_srama.dc.vg'.
Writing ddc file '../outputs/fifo1_srama.dc.ddc'.
1
dc_shell> report_timing
 
****************************************
Report : timing
        -path full
        -delay max
        -max_paths 1
Design : fifo1_srama
Version: Q-2019.12-SP3
Date   : Thu Jan 26 21:36:13 2023
****************************************

Operating Conditions: ss0p95v125c   Library: saed32rvt_ss0p95v125c
Wire Load Model Mode: enclosed

  Startpoint: rinc (input port clocked by rclk)
  Endpoint: rptr_empty/rempty_reg
            (rising edge-triggered flip-flop clocked by rclk)
  Path Group: INPUTS
  Path Type: max

  Des/Clust/Port     Wire Load Model       Library
  ------------------------------------------------
  fifo1_srama        140000                saed32rvt_ss0p95v125c
  rptr_empty_ADDRSIZE10
                     8000                  saed32rvt_ss0p95v125c

  Point                                                   Incr       Path
  --------------------------------------------------------------------------
  clock rclk (rise edge)                                  0.00       0.00
  clock network delay (ideal)                             0.00       0.00
  input external delay                                    0.50       0.50 r
  rinc (in)                                               0.00       0.50 r
  rptr_empty/rinc (rptr_empty_ADDRSIZE10)                 0.00       0.50 r
  rptr_empty/U30/Y (NAND3X0_RVT)                          0.06       0.56 f
  rptr_empty/U14/Y (INVX0_RVT)                            0.04       0.60 r
  rptr_empty/U31/Y (NAND2X0_RVT)                          0.04       0.65 f
  rptr_empty/U15/Y (INVX0_RVT)                            0.04       0.68 r
  rptr_empty/U32/Y (NAND2X0_RVT)                          0.04       0.73 f
  rptr_empty/U16/Y (INVX0_RVT)                            0.04       0.76 r
  rptr_empty/U33/Y (NAND2X0_RVT)                          0.04       0.80 f
  rptr_empty/U17/Y (INVX0_RVT)                            0.04       0.84 r
  rptr_empty/U34/Y (NAND2X0_RVT)                          0.04       0.88 f
  rptr_empty/U18/Y (INVX0_RVT)                            0.04       0.92 r
  rptr_empty/U35/Y (NAND2X0_RVT)                          0.05       0.97 f
  rptr_empty/U8/Y (INVX0_RVT)                             0.04       1.01 r
  rptr_empty/U36/Y (AND2X1_RVT)                           0.05       1.06 r
  rptr_empty/U37/Y (NAND2X0_RVT)                          0.04       1.10 f
  rptr_empty/U19/Y (INVX0_RVT)                            0.04       1.14 r
  rptr_empty/U38/Y (NAND2X0_RVT)                          0.04       1.18 f
  rptr_empty/U20/Y (INVX0_RVT)                            0.04       1.22 r
  rptr_empty/U39/Y (AND2X1_RVT)                           0.05       1.28 r
  rptr_empty/U40/SO (HADDX1_RVT)                          0.10       1.38 f
  rptr_empty/U9/Y (INVX0_RVT)                             0.04       1.42 r
  rptr_empty/U61/Y (OA22X1_RVT)                           0.07       1.49 r
  rptr_empty/U73/Y (OAI22X1_RVT)                          0.08       1.57 f
  rptr_empty/U74/Y (AO221X1_RVT)                          0.05       1.63 f
  rptr_empty/U75/Y (NOR4X1_RVT)                           0.09       1.72 r
  rptr_empty/rempty_reg/D (SDFFASX1_RVT)                  0.00       1.72 r
  data arrival time                                                  1.72

  clock rclk (rise edge)                                  2.00       2.00
  clock network delay (ideal)                             0.40       2.40
  clock uncertainty                                      -0.04       2.36
  rptr_empty/rempty_reg/CLK (SDFFASX1_RVT)                0.00       2.36 r
  library setup time                                     -0.11       2.25
  data required time                                                 2.25
  --------------------------------------------------------------------------
  data required time                                                 2.25
  data arrival time                                                 -1.72
  --------------------------------------------------------------------------
  slack (MET)                                                        0.53


  Startpoint: rptr_empty/rbin_reg_0_
              (rising edge-triggered flip-flop clocked by rclk)
  Endpoint: rptr_empty/rempty_reg
            (rising edge-triggered flip-flop clocked by rclk)
  Path Group: INTERNAL
  Path Type: max

  Des/Clust/Port     Wire Load Model       Library
  ------------------------------------------------
  fifo1_srama        140000                saed32rvt_ss0p95v125c
  rptr_empty_ADDRSIZE10
                     8000                  saed32rvt_ss0p95v125c

  Point                                                   Incr       Path
  --------------------------------------------------------------------------
  clock rclk (rise edge)                                  0.00       0.00
  clock network delay (ideal)                             0.40       0.40
  rptr_empty/rbin_reg_0_/CLK (SDFFARX1_RVT)               0.00       0.40 r
  rptr_empty/rbin_reg_0_/Q (SDFFARX1_RVT)                 0.22       0.62 r
  rptr_empty/U30/Y (NAND3X0_RVT)                          0.06       0.68 f
  rptr_empty/U14/Y (INVX0_RVT)                            0.04       0.72 r
  rptr_empty/U31/Y (NAND2X0_RVT)                          0.04       0.76 f
  rptr_empty/U15/Y (INVX0_RVT)                            0.04       0.80 r
  rptr_empty/U32/Y (NAND2X0_RVT)                          0.04       0.84 f
  rptr_empty/U16/Y (INVX0_RVT)                            0.04       0.88 r
  rptr_empty/U33/Y (NAND2X0_RVT)                          0.04       0.92 f
  rptr_empty/U17/Y (INVX0_RVT)                            0.04       0.96 r
  rptr_empty/U34/Y (NAND2X0_RVT)                          0.04       1.00 f
  rptr_empty/U18/Y (INVX0_RVT)                            0.04       1.03 r
  rptr_empty/U35/Y (NAND2X0_RVT)                          0.05       1.08 f
  rptr_empty/U8/Y (INVX0_RVT)                             0.04       1.12 r
  rptr_empty/U36/Y (AND2X1_RVT)                           0.05       1.18 r
  rptr_empty/U37/Y (NAND2X0_RVT)                          0.04       1.22 f
  rptr_empty/U19/Y (INVX0_RVT)                            0.04       1.25 r
  rptr_empty/U38/Y (NAND2X0_RVT)                          0.04       1.29 f
  rptr_empty/U20/Y (INVX0_RVT)                            0.04       1.34 r
  rptr_empty/U39/Y (AND2X1_RVT)                           0.05       1.39 r
  rptr_empty/U40/SO (HADDX1_RVT)                          0.10       1.50 f
  rptr_empty/U9/Y (INVX0_RVT)                             0.04       1.53 r
  rptr_empty/U61/Y (OA22X1_RVT)                           0.07       1.61 r
  rptr_empty/U73/Y (OAI22X1_RVT)                          0.08       1.69 f
  rptr_empty/U74/Y (AO221X1_RVT)                          0.05       1.75 f
  rptr_empty/U75/Y (NOR4X1_RVT)                           0.09       1.84 r
  rptr_empty/rempty_reg/D (SDFFASX1_RVT)                  0.00       1.84 r
  data arrival time                                                  1.84

  clock rclk (rise edge)                                  2.00       2.00
  clock network delay (ideal)                             0.40       2.40
  clock uncertainty                                      -0.04       2.36
  rptr_empty/rempty_reg/CLK (SDFFASX1_RVT)                0.00       2.36 r
  library setup time                                     -0.11       2.25
  data required time                                                 2.25
  --------------------------------------------------------------------------
  data required time                                                 2.25
  data arrival time                                                 -1.84
  --------------------------------------------------------------------------
  slack (MET)                                                        0.41


  Startpoint: fifomem/genblk1_6__U
              (rising edge-triggered flip-flop clocked by rclk)
  Endpoint: rdata[0] (output port clocked by wclk2x)
  Path Group: OUTPUTS
  Path Type: max

  Des/Clust/Port     Wire Load Model       Library
  ------------------------------------------------
  fifo1_srama        140000                saed32rvt_ss0p95v125c
  fifomem_DATASIZE8_ADDRSIZE10
                     70000                 saed32rvt_ss0p95v125c

  Point                                                   Incr       Path
  --------------------------------------------------------------------------
  clock rclk (rise edge)                                  0.00       0.00
  clock network delay (ideal)                             0.40       0.40
  fifomem/genblk1_6__U/CE2 (SRAM2RW128x8)                 0.00       0.40 r
  fifomem/genblk1_6__U/O2[0] (SRAM2RW128x8)               0.10       0.50 r
  fifomem/U44/Y (NAND4X0_RVT)                             0.07       0.57 f
  fifomem/U46/Y (NOR2X0_RVT)                              0.09       0.66 r
  fifomem/rdata[0] (fifomem_DATASIZE8_ADDRSIZE10)         0.00       0.66 r
  rdata[0] (out)                                          0.00       0.66 r
  data arrival time                                                  0.66

  clock wclk2x (rise edge)                                1.00       1.00
  clock network delay (ideal)                             0.00       1.00
  output external delay                                  -0.30       0.70
  data required time                                                 0.70
  --------------------------------------------------------------------------
  data required time                                                 0.70
  data arrival time                                                 -0.66
  --------------------------------------------------------------------------
  slack (MET)                                                        0.04


1
dc_shell> exit

Memory usage for this session 197 Mbytes.
Memory usage for this session including child processes 197 Mbytes.
CPU usage for this session 9 seconds ( 0.00 hours ).
Elapsed time for this session 45 seconds ( 0.01 hours ).

Thank you...

